1581499226445	geckodriver	INFO	geckodriver 0.19.1
1581499226484	geckodriver	INFO	Listening on 127.0.0.1:51727
1581499229615	mozrunner::runner	INFO	Running command: "C:\\Program Files (x86)\\Mozilla Firefox\\firefox.exe" "-marionette" "-profile" "C:\\Users\\李强\\AppData\\Local\\Temp\\rust_mozprofile.wcU2bvyqGKNh"
1581499232321	addons.webextension.doh-rollout@mozilla.org	WARN	Loading extension 'doh-rollout@mozilla.org': Reading manifest: Invalid extension permission: networkStatus
1581499232604	addons.webextension.screenshots@mozilla.org	WARN	Loading extension 'screenshots@mozilla.org': Reading manifest: Invalid extension permission: mozillaAddons
1581499232604	addons.webextension.screenshots@mozilla.org	WARN	Loading extension 'screenshots@mozilla.org': Reading manifest: Invalid extension permission: telemetry
1581499232623	addons.webextension.screenshots@mozilla.org	WARN	Loading extension 'screenshots@mozilla.org': Reading manifest: Invalid extension permission: resource://pdf.js/
1581499232623	addons.webextension.screenshots@mozilla.org	WARN	Loading extension 'screenshots@mozilla.org': Reading manifest: Invalid extension permission: about:reader*
1581499232778	Marionette	TRACE	Received observer notification profile-after-change
1581499232962	Marionette	TRACE	Received observer notification toplevel-window-ready
1581499233032	Marionette	TRACE	Received observer notification command-line-startup
1581499233032	Marionette	DEBUG	Init aborted (running=false, enabled=true, finalUIStartup=false)
1581499233205	Marionette	TRACE	Received observer notification toplevel-window-ready
JavaScript error: resource://gre/modules/XULStore.jsm, line 66: Error: Can't find profile directory.
1581499236193	Marionette	TRACE	Received observer notification marionette-startup-requested
1581499236193	Marionette	TRACE	Waiting until startup recorder finished recording startup scripts...
1581499236247	Marionette	TRACE	All scripts recorded.
1581499236248	Marionette	DEBUG	Setting recommended pref app.update.disabledForTesting to true
1581499236248	Marionette	DEBUG	Setting recommended pref browser.contentblocking.introCount to 99
1581499236248	Marionette	DEBUG	Setting recommended pref browser.tabs.remote.separatePrivilegedContentProcess to false
1581499236248	Marionette	DEBUG	Setting recommended pref browser.tabs.unloadOnLowMemory to false
1581499236249	Marionette	DEBUG	Setting recommended pref datareporting.policy.dataSubmissionPolicyAccepted to false
1581499236249	Marionette	DEBUG	Setting recommended pref dom.disable_beforeunload to true
1581499236250	Marionette	DEBUG	Setting recommended pref dom.push.connection.enabled to false
1581499236250	Marionette	DEBUG	Setting recommended pref privacy.trackingprotection.enabled to false
1581499236250	Marionette	DEBUG	Setting recommended pref security.certerrors.mitm.priming.enabled to false
1581499236251	Marionette	DEBUG	Setting recommended pref toolkit.cosmeticAnimations.enabled to false
1581499236314	Marionette	INFO	Listening on port 51740
1581499236314	Marionette	DEBUG	Marionette is listening
1581499236982	Marionette	DEBUG	Accepted connection 0 from 127.0.0.1:51779
1581499236984	Marionette	DEBUG	0 -> [0,1,"newSession",{"acceptInsecureCerts":true,"browserName":"firefox","capabilities":{"desiredCapabilities":{"acceptInsecureCerts":true,"browserName":"firefox"}}}]
1581499236984	Marionette	DEBUG	0 <- [1,1,{"error":"unknown command","message":"newSession","stacktrace":"WebDriverError@chrome://marionette/content/error.js:175: ... t@chrome://marionette/content/server.js:249:9\n_onJSONObjectReady/<@chrome://marionette/content/transport.js:501:20\n"},null]
1581499236989	Marionette	DEBUG	Closed connection 0
JavaScript warning: https://csdnimg.cn/public/common/libs/jquery/jquery-1.9.1.min.js, line 2: Using //@ to indicate sourceMappingURL pragmas is deprecated. Use //# instead
JavaScript warning: https://csdnimg.cn/public/common/libs/jquery/jquery-1.9.1.min.js, line 2: Using //@ to indicate sourceMappingURL pragmas is deprecated. Use //# instead
1581499678780	Marionette	TRACE	Received observer notification xpcom-will-shutdown
1581499678780	Marionette	DEBUG	Resetting recommended pref app.update.disabledForTesting
1581499678780	Marionette	DEBUG	Resetting recommended pref browser.contentblocking.introCount
1581499678780	Marionette	DEBUG	Resetting recommended pref browser.tabs.remote.separatePrivilegedContentProcess
1581499678780	Marionette	DEBUG	Resetting recommended pref browser.tabs.unloadOnLowMemory
1581499678781	Marionette	DEBUG	Resetting recommended pref datareporting.policy.dataSubmissionPolicyAccepted
1581499678781	Marionette	DEBUG	Resetting recommended pref dom.disable_beforeunload
1581499678781	Marionette	DEBUG	Resetting recommended pref dom.push.connection.enabled
1581499678781	Marionette	DEBUG	Resetting recommended pref privacy.trackingprotection.enabled
1581499678781	Marionette	DEBUG	Resetting recommended pref security.certerrors.mitm.priming.enabled
1581499678782	Marionette	DEBUG	Resetting recommended pref toolkit.cosmeticAnimations.enabled
1581499678783	Marionette	INFO	Stopped listening on port 51740
1581499678783	Marionette	DEBUG	Marionette stopped listening

###!!! [Child][RunMessage] Error: Channel closing: too late to send/recv, messages will be lost


###!!! [Child][MessageChannel::SendAndWait] Error: Channel error: cannot send/recv

le directory.
1581499281125	Marionette	TRACE	Received observer notification marionette-startup-requested
1581499281126	Marionette	TRACE	Waiting until startup recorder finished recording startup scripts...
1581499281139	Marionette	TRACE	All scripts recorded.
1581499281140	Marionette	DEBUG	Setting recommended pref app.update.disabledForTesting to true
1581499281140	Marionette	DEBUG	Setting recommended pref browser.contentblocking.introCount to 99
1581499281141	Marionette	DEBUG	Setting recommended pref browser.tabs.remote.separatePrivilegedContentProcess to false
1581499281141	Marionette	DEBUG	Setting recommended pref browser.tabs.unloadOnLowMemory to false
1581499281141	Marionette	DEBUG	Setting recommended pref datareporting.policy.dataSubmissionPolicyAccepted to false
1581499281141	Marionette	DEBUG	Setting recommended pref dom.disable_beforeunload to true
1581499281143	Marionette	DEBUG	Setting recommended pref dom.push.connection.enabled to false
1581499281143	Marionette	DEBUG	Setting recommended pref privacy.trackingprotection.enabled to false
1581499281143	Marionette	DEBUG	Setting recommended pref security.certerrors.mitm.priming.enabled to false
1581499281144	Marionette	DEBUG	Setting recommended pref toolkit.cosmeticAnimations.enabled to false
1581499281189	Marionette	INFO	Listening on port 51839
1581499281189	Marionette	DEBUG	Marionette is listening
1581499281461	Marionette	DEBUG	Accepted connection 0 from 127.0.0.1:51860
1581499281469	Marionette	DEBUG	0 -> [0,1,"newSession",{"acceptInsecureCerts":true,"browserName":"firefox","capabilities":{"desiredCapabilities":{"acceptInsecureCerts":true,"browserName":"firefox"}}}]
1581499281469	Marionette	DEBUG	0 <- [1,1,{"error":"unknown command","message":"newSession","stacktrace":"WebDriverError@chrome://marionette/content/error.js:175: ... t@chrome://marionette/content/server.js:249:9\n_onJSONObjectReady/<@chrome://marionette/content/transport.js:501:20\n"},null]
1581499281475	Marionette	DEBUG	Closed connection 0
1581499295638	Marionette	TRACE	Received observer notification xpcom-will-shutdown
1581499295638	Marionette	DEBUG	Resetting recommended pref app.update.disabledForTesting
1581499295638	Marionette	DEBUG	Resetting recommended pref browser.contentblocking.introCount
1581499295639	Marionette	DEBUG	Resetting recommended pref browser.tabs.remote.separatePrivilegedContentProcess
1581499295639	Marionette	DEBUG	Resetting recommended pref browser.tabs.unloadOnLowMemory
1581499295639	Marionette	DEBUG	Resetting recommended pref datareporting.policy.dataSubmissionPolicyAccepted
1581499295639	Marionette	DEBUG	Resetting recommended pref dom.disable_beforeunload
1581499295639	Marionette	DEBUG	Resetting recommended pref dom.push.connection.enabled
1581499295640	Marionette	DEBUG	Resetting recommended pref privacy.trackingprotection.enabled
1581499295640	Marionette	DEBUG	Resetting recommended pref security.certerrors.mitm.priming.enabled
1581499295641	Marionette	DEBUG	Resetting recommended pref toolkit.cosmeticAnimations.enabled
1581499295641	Marionette	INFO	Stopped listening on port 51839
1581499295641	Marionette	DEBUG	Marionette stopped listening

###!!! [Child][RunMessage] Error: Channel closing: too late to send/recv, messages will be lost


###!!! [Child][MessageChannel::SendAndWait] Error: Channel error: cannot send/recv

1581499436196	mozrunner::runner	INFO	Running command: "C:\\Program Files (x86)\\Mozilla Firefox\\firefox.exe" "-marionette" "-foreground" "-no-remote" "-profile" "C:\\Users\\李强\\AppData\\Local\\Temp\\rust_mozprofileJ6faTV"
1581499436837	addons.webextension.doh-rollout@mozilla.org	WARN	Loading extension 'doh-rollout@mozilla.org': Reading manifest: Invalid extension permission: networkStatus
1581499436963	addons.webextension.screenshots@mozilla.org	WARN	Loading extension 'screenshots@mozilla.org': Reading manifest: Invalid extension permission: mozillaAddons
1581499436964	addons.webextension.screenshots@mozilla.org	WARN	Loading extension 'screenshots@mozilla.org': Reading manifest: Invalid extension permission: telemetry
1581499436965	addons.webextension.screenshots@mozilla.org	WARN	Loading extension 'screenshots@mozilla.org': Reading manifest: Invalid extension permission: resource://pdf.js/
1581499436965	addons.webextension.screenshots@mozilla.org	WARN	Loading extension 'screenshots@mozilla.org': Reading manifest: Invalid extension permission: about:reader*
JavaScript error: resource://gre/modules/XULStore.jsm, line 66: Error: Can't find profile directory.
1581499440373	Marionette	INFO	Listening on port 52238
1581499440535	Marionette	WARN	TLS certificate errors will be ignored for this session
1581499674908	Marionette	INFO	Stopped listening on port 52238

###!!! [Child][RunMessage] Error: Channel closing: too late to send/recv, messages will be lost


###!!! [Child][MessageChannel::SendAndWait] Error: Channel error: cannot send/recv

xtension.doh-rollout@mozilla.org	WARN	Loading extension 'doh-rollout@mozilla.org': Reading manifest: Invalid extension permission: networkStatus
1581499673690	addons.webextension.screenshots@mozilla.org	WARN	Loading extension 'screenshots@mozilla.org': Reading manifest: Invalid extension permission: mozillaAddons
1581499673690	addons.webextension.screenshots@mozilla.org	WARN	Loading extension 'screenshots@mozilla.org': Reading manifest: Invalid extension permission: telemetry
1581499673690	addons.webextension.screenshots@mozilla.org	WARN	Loading extension 'screenshots@mozilla.org': Reading manifest: Invalid extension permission: resource://pdf.js/
1581499673690	addons.webextension.screenshots@mozilla.org	WARN	Loading extension 'screenshots@mozilla.org': Reading manifest: Invalid extension permission: about:reader*
JavaScript error: resource://gre/modules/XULStore.jsm, line 66: Error: Can't find profile directory.
1581499677494	Marionette	INFO	Listening on port 52541
1581499677756	Marionette	WARN	TLS certificate errors will be ignored for this session
1581499804033	Marionette	INFO	Stopped listening on port 52541

###!!! [Child][RunMessage] Error: Channel closing: too late to send/recv, messages will be lost


###!!! [Child][MessageChannel::SendAndWait] Error: Channel error: cannot send/recv

1581499810473	mozrunner::runner	INFO	Running command: "C:\\Program Files (x86)\\Mozilla Firefox\\firefox.exe" "-marionette" "-foreground" "-no-remote" "-profile" "C:\\Users\\李强\\AppData\\Local\\Temp\\rust_mozprofilejm2ZCC"
1581499811116	addons.webextension.doh-rollout@mozilla.org	WARN	Loading extension 'doh-rollout@mozilla.org': Reading manifest: Invalid extension permission: networkStatus
1581499811261	addons.webextension.screenshots@mozilla.org	WARN	Loading extension 'screenshots@mozilla.org': Reading manifest: Invalid extension permission: mozillaAddons
1581499811261	addons.webextension.screenshots@mozilla.org	WARN	Loading extension 'screenshots@mozilla.org': Reading manifest: Invalid extension permission: telemetry
1581499811262	addons.webextension.screenshots@mozilla.org	WARN	Loading extension 'screenshots@mozilla.org': Reading manifest: Invalid extension permission: resource://pdf.js/
1581499811262	addons.webextension.screenshots@mozilla.org	WARN	Loading extension 'screenshots@mozilla.org': Reading manifest: Invalid extension permission: about:reader*
JavaScript error: resource://gre/modules/XULStore.jsm, line 66: Error: Can't find profile directory.
1581499814016	Marionette	INFO	Listening on port 52675
1581499814296	Marionette	WARN	TLS certificate errors will be ignored for this session
1581499849644	Marionette	INFO	Stopped listening on port 52675

###!!! [Child][RunMessage] Error: Channel closing: too late to send/recv, messages will be lost


###!!! [Child][MessageChannel::SendAndWait] Error: Channel error: cannot send/recv

1581499855884	mozrunner::runner	INFO	Running command: "C:\\Program Files (x86)\\Mozilla Firefox\\firefox.exe" "-marionette" "-foreground" "-no-remote" "-profile" "C:\\Users\\李强\\AppData\\Local\\Temp\\rust_mozprofileTOZIwS"
1581499856545	addons.webextension.doh-rollout@mozilla.org	WARN	Loading extension 'doh-rollout@mozilla.org': Reading manifest: Invalid extension permission: networkStatus
1581499856668	addons.webextension.screenshots@mozilla.org	WARN	Loading extension 'screenshots@mozilla.org': Reading manifest: Invalid extension permission: mozillaAddons
1581499856668	addons.webextension.screenshots@mozilla.org	WARN	Loading extension 'screenshots@mozilla.org': Reading manifest: Invalid extension permission: telemetry
1581499856668	addons.webextension.screenshots@mozilla.org	WARN	Loading extension 'screenshots@mozilla.org': Reading manifest: Invalid extension permission: resource://pdf.js/
1581499856669	addons.webextension.screenshots@mozilla.org	WARN	Loading extension 'screenshots@mozilla.org': Reading manifest: Invalid extension permission: about:reader*
JavaScript error: resource://gre/modules/XULStore.jsm, line 66: Error: Can't find profile directory.
1581499859233	Marionette	INFO	Listening on port 52777
1581499859707	Marionette	WARN	TLS certificate errors will be ignored for this session
1581499916147	Marionette	INFO	Stopped listening on port 52777

###!!! [Child][RunMessage] Error: Channel closing: too late to send/recv, messages will be lost


###!!! [Child][MessageChannel::SendAndWait] Error: Channel error: cannot send/recv

xtension.doh-rollout@mozilla.org	WARN	Loading extension 'doh-rollout@mozilla.org': Reading manifest: Invalid extension permission: networkStatus
1581499913033	addons.webextension.screenshots@mozilla.org	WARN	Loading extension 'screenshots@mozilla.org': Reading manifest: Invalid extension permission: mozillaAddons
1581499913033	addons.webextension.screenshots@mozilla.org	WARN	Loading extension 'screenshots@mozilla.org': Reading manifest: Invalid extension permission: telemetry
1581499913033	addons.webextension.screenshots@mozilla.org	WARN	Loading extension 'screenshots@mozilla.org': Reading manifest: Invalid extension permission: resource://pdf.js/
1581499913033	addons.webextension.screenshots@mozilla.org	WARN	Loading extension 'screenshots@mozilla.org': Reading manifest: Invalid extension permission: about:reader*
JavaScript error: resource://gre/modules/XULStore.jsm, line 66: Error: Can't find profile directory.
1581499915398	addons.xpi-utils	WARN	Error: XPI database modified after shutdown began(resource://gre/modules/addons/XPIDatabase.jsm:1478:17) JS Stack trace: saveChanges@XPIDatabase.jsm:1478:17
makeAddonVisible@XPIDatabase.jsm:2281:10
addToDatabase@XPIDatabase.jsm:2208:12
install@XPIInstall.jsm:4343:27
_activateAddon@XPIInstall.jsm:4370:7
1581499915398	addons.xpi-utils	WARN	Error: XPI database modified after shutdown began(resource://gre/modules/addons/XPIDatabase.jsm:1478:17) JS Stack trace: saveChanges@XPIDatabase.jsm:1478:17
addToDatabase@XPIDatabase.jsm:2211:10
install@XPIInstall.jsm:4343:27
_activateAddon@XPIInstall.jsm:4370:7
1581499915442	addons.xpi-utils	WARN	Error: XPI database modified after shutdown began(resource://gre/modules/addons/XPIDatabase.jsm:1478:17) JS Stack trace: saveChanges@XPIDatabase.jsm:1478:17
makeAddonVisible@XPIDatabase.jsm:2281:10
addToDatabase@XPIDatabase.jsm:2208:12
install@XPIInstall.jsm:4343:27
_activateAddon@XPIInstall.jsm:4370:7
1581499915442	addons.xpi-utils	WARN	Error: XPI database modified after shutdown began(resource://gre/modules/addons/XPIDatabase.jsm:1478:17) JS Stack trace: saveChanges@XPIDatabase.jsm:1478:17
addToDatabase@XPIDatabase.jsm:2211:10
install@XPIInstall.jsm:4343:27
_activateAddon@XPIInstall.jsm:4370:7
1581499915611	addons.xpi-utils	WARN	Error: XPI database modified after shutdown began(resource://gre/modules/addons/XPIDatabase.jsm:1478:17) JS Stack trace: saveChanges@XPIDatabase.jsm:1478:17
makeAddonVisible@XPIDatabase.jsm:2281:10
addToDatabase@XPIDatabase.jsm:2208:12
install@XPIInstall.jsm:4343:27
_activateAddon@XPIInstall.jsm:4370:7
1581499915611	addons.xpi-utils	WARN	Error: XPI database modified after shutdown began(resource://gre/modules/addons/XPIDatabase.jsm:1478:17) JS Stack trace: saveChanges@XPIDatabase.jsm:1478:17
addToDatabase@XPIDatabase.jsm:2211:10
install@XPIInstall.jsm:4343:27
_activateAddon@XPIInstall.jsm:4370:7
1581499915731	addons.xpi-utils	WARN	Error: XPI database modified after shutdown began(resource://gre/modules/addons/XPIDatabase.jsm:1478:17) JS Stack trace: saveChanges@XPIDatabase.jsm:1478:17
makeAddonVisible@XPIDatabase.jsm:2281:10
addToDatabase@XPIDatabase.jsm:2208:12
install@XPIInstall.jsm:4343:27
_activateAddon@XPIInstall.jsm:4370:7
1581499915732	addons.xpi-utils	WARN	Error: XPI database modified after shutdown began(resource://gre/modules/addons/XPIDatabase.jsm:1478:17) JS Stack trace: saveChanges@XPIDatabase.jsm:1478:17
addToDatabase@XPIDatabase.jsm:2211:10
install@XPIInstall.jsm:4343:27
_activateAddon@XPIInstall.jsm:4370:7
console.error: (new Error("Connection closed before committing the transaction.", "resource://gre/modules/Sqlite.jsm", 683))

###!!! [Child][MessageChannel::SendAndWait] Error: Channel error: cannot send/recv

1581499926109	mozrunner::runner	INFO	Running command: "C:\\Program Files (x86)\\Mozilla Firefox\\firefox.exe" "-marionette" "-foreground" "-no-remote" "-profile" "C:\\Users\\李强\\AppData\\Local\\Temp\\rust_mozprofilevG3uDx"
1581499926861	addons.webextension.doh-rollout@mozilla.org	WARN	Loading extension 'doh-rollout@mozilla.org': Reading manifest: Invalid extension permission: networkStatus
1581499927003	addons.webextension.screenshots@mozilla.org	WARN	Loading extension 'screenshots@mozilla.org': Reading manifest: Invalid extension permission: mozillaAddons
1581499927003	addons.webextension.screenshots@mozilla.org	WARN	Loading extension 'screenshots@mozilla.org': Reading manifest: Invalid extension permission: telemetry
1581499927003	addons.webextension.screenshots@mozilla.org	WARN	Loading extension 'screenshots@mozilla.org': Reading manifest: Invalid extension permission: resource://pdf.js/
1581499927003	addons.webextension.screenshots@mozilla.org	WARN	Loading extension 'screenshots@mozilla.org': Reading manifest: Invalid extension permission: about:reader*
JavaScript error: resource://gre/modules/XULStore.jsm, line 66: Error: Can't find profile directory.
1581499929968	Marionette	INFO	Listening on port 52894
1581499930436	Marionette	WARN	TLS certificate errors will be ignored for this session
SourceActor threw an exception: [Exception... "Component returned failure code: 0x80470002 (NS_BASE_STREAM_CLOSED) [nsIInputStream.available]"  nsresult: "0x80470002 (NS_BASE_STREAM_CLOSED)"  location: "JS frame :: resource://devtools/shared/DevToolsUtils.js :: onResponse :: line 579"  data: no]
Stack: onResponse@resource://devtools/shared/DevToolsUtils.js:579:34
onStopRequest@resource://gre/modules/NetUtil.jsm:128:18
Line: 579, column: 0
console.error: ({})
JavaScript error: resource://devtools/shared/DevToolsUtils.js, line 579: NS_BASE_STREAM_CLOSED: Component returned failure code: 0x80470002 (NS_BASE_STREAM_CLOSED) [nsIInputStream.available]
1581500005238	Marionette	INFO	Stopped listening on port 52894

###!!! [Child][RunMessage] Error: Channel closing: too late to send/recv, messages will be lost


###!!! [Child][MessageChannel::SendAndWait] Error: Channel error: cannot send/recv

1581500012635	mozrunner::runner	INFO	Running command: "C:\\Program Files (x86)\\Mozilla Firefox\\firefox.exe" "-marionette" "-foreground" "-no-remote" "-profile" "C:\\Users\\李强\\AppData\\Local\\Temp\\rust_mozprofileMh9n6S"
1581500013438	addons.webextension.doh-rollout@mozilla.org	WARN	Loading extension 'doh-rollout@mozilla.org': Reading manifest: Invalid extension permission: networkStatus
1581500013562	addons.webextension.screenshots@mozilla.org	WARN	Loading extension 'screenshots@mozilla.org': Reading manifest: Invalid extension permission: mozillaAddons
1581500013562	addons.webextension.screenshots@mozilla.org	WARN	Loading extension 'screenshots@mozilla.org': Reading manifest: Invalid extension permission: telemetry
1581500013562	addons.webextension.screenshots@mozilla.org	WARN	Loading extension 'screenshots@mozilla.org': Reading manifest: Invalid extension permission: resource://pdf.js/
1581500013563	addons.webextension.screenshots@mozilla.org	WARN	Loading extension 'screenshots@mozilla.org': Reading manifest: Invalid extension permission: about:reader*
JavaScript error: resource://gre/modules/XULStore.jsm, line 66: Error: Can't find profile directory.
1581500016545	Marionette	INFO	Listening on port 52984
1581500016963	Marionette	WARN	TLS certificate errors will be ignored for this session
JavaScript warning: https://csdnimg.cn/public/common/libs/jquery/jquery-1.9.1.min.js, line 2: Using //@ to indicate sourceMappingURL pragmas is deprecated. Use //# instead
JavaScript warning: https://csdnimg.cn/public/common/libs/jquery/jquery-1.9.1.min.js, line 2: Using //@ to indicate sourceMappingURL pragmas is deprecated. Use //# instead
JavaScript warning: https://pos.baidu.com/wcgm?conwid=300&conhei=250&rdid=3163270&dc=3&exps=110011&psi=0670fe6433f43e0a70248b45d4541004&di=u3163270&dri=0&dis=0&dai=9&ps=2317x77&enu=encoding&ant=0&dcb=___adblockplus_&dtm=HTML_POST&dvi=0.0&dci=-1&dpt=none&tsr=0&tpr=1581500062383&ti=selenium%E8%87%AA%E5%8A%A8%E5%8C%96%E8%84%9A%E6%9C%AC%E9%94%&ari=2&ver=0211&dbv=0&drs=1&pcs=1266x714&pss=1266x8970&cfv=0&cpl=0&chi=1&cce=true&cec=UTF-8&tlm=1581500062&prot=2&rw=714&ltu=https%3A%2F%2Fblog.csdn.net%2Fzxy987872674%2Farticle%2Fdetails%2F53141118&ltr=https%3A%2F%2Fblog.csdn.net%2Fxxhhdd%2Farticle%2Fdetails%2F87809945&ecd=1&uc=1536x864&pis=-1x-1&sr=1536x864&tcn=1581500063&qn=e4b6b9f889ba6a53&tt=1581500062506.60.529.530, line 137: unreachable code after return statement
JavaScript warning: https://pos.baidu.com/wcgm?conwid=300&conhei=250&rdid=3163270&dc=3&exps=110011&psi=0670fe6433f43e0a70248b45d4541004&di=u3163270&dri=0&dis=0&dai=9&ps=2317x77&enu=encoding&ant=0&dcb=___adblockplus_&dtm=HTML_POST&dvi=0.0&dci=-1&dpt=none&tsr=0&tpr=1581500062383&ti=selenium%E8%87%AA%E5%8A%A8%E5%8C%96%E8%84%9A%E6%9C%AC%E9%94%&ari=2&ver=0211&dbv=0&drs=1&pcs=1266x714&pss=1266x8970&cfv=0&cpl=0&chi=1&cce=true&cec=UTF-8&tlm=1581500062&prot=2&rw=714&ltu=https%3A%2F%2Fblog.csdn.net%2Fzxy987872674%2Farticle%2Fdetails%2F53141118&ltr=https%3A%2F%2Fblog.csdn.net%2Fxxhhdd%2Farticle%2Fdetails%2F87809945&ecd=1&uc=1536x864&pis=-1x-1&sr=1536x864&tcn=1581500063&qn=e4b6b9f889ba6a53&tt=1581500062506.60.529.530, line 137: unreachable code after return statement
1581500187969	Marionette	INFO	Stopped listening on port 52984

###!!! [Child][RunMessage] Error: Channel closing: too late to send/recv, messages will be lost


###!!! [Child][MessageChannel::SendAndWait] Error: Channel error: cannot send/recv

1581500195461	mozrunner::runner	INFO	Running command: "C:\\Program Files (x86)\\Mozilla Firefox\\firefox.exe" "-marionette" "-foreground" "-no-remote" "-profile" "C:\\Users\\李强\\AppData\\Local\\Temp\\rust_mozprofilerCXYNK"
1581500196193	addons.webextension.doh-rollout@mozilla.org	WARN	Loading extension 'doh-rollout@mozilla.org': Reading manifest: Invalid extension permission: networkStatus
1581500196317	addons.webextension.screenshots@mozilla.org	WARN	Loading extension 'screenshots@mozilla.org': Reading manifest: Invalid extension permission: mozillaAddons
1581500196317	addons.webextension.screenshots@mozilla.org	WARN	Loading extension 'screenshots@mozilla.org': Reading manifest: Invalid extension permission: telemetry
1581500196317	addons.webextension.screenshots@mozilla.org	WARN	Loading extension 'screenshots@mozilla.org': Reading manifest: Invalid extension permission: resource://pdf.js/
1581500196318	addons.webextension.screenshots@mozilla.org	WARN	Loading extension 'screenshots@mozilla.org': Reading manifest: Invalid extension permission: about:reader*
JavaScript error: resource://gre/modules/XULStore.jsm, line 66: Error: Can't find profile directory.
1581500199023	Marionette	INFO	Listening on port 53265
1581500199297	Marionette	WARN	TLS certificate errors will be ignored for this session
JavaScript warning: https://img3.doubanio.com/f/shire/72ced6df41d4d158420cebdd254f9562942464e3/js/jquery.min.js, line 64: Error: Script terminated by timeout at:
fix@https://img3.doubanio.com/f/shire/72ced6df41d4d158420cebdd254f9562942464e3/js/jquery.min.js:64:97
d@https://img3.doubanio.com/f/shire/72ced6df41d4d158420cebdd254f9562942464e3/js/jquery.min.js:72:356

JavaScript error: https://dss1.bdstatic.com/5eN1bjq8AAUYm2zgoY3K/r/www/cache/static/protocol/https/plugins/every_cookie_4644b13.js, line 4: ReferenceError: c is not defined
JavaScript warning: https://csdnimg.cn/public/common/libs/jquery/jquery-1.9.1.min.js, line 2: Using //@ to indicate sourceMappingURL pragmas is deprecated. Use //# instead
JavaScript warning: https://csdnimg.cn/public/common/libs/jquery/jquery-1.9.1.min.js, line 2: Using //@ to indicate sourceMappingURL pragmas is deprecated. Use //# instead
JavaScript warning: https://csdnimg.cn/public/common/libs/jquery/jquery-1.9.1.min.js, line 2: Using //@ to indicate sourceMappingURL pragmas is deprecated. Use //# instead
1581500409700	Marionette	INFO	Stopped listening on port 53265

###!!! [Child][MessageChannel::SendAndWait] Error: Channel error: cannot send/recv

1581500416592	mozrunner::runner	INFO	Running command: "C:\\Program Files (x86)\\Mozilla Firefox\\firefox.exe" "-marionette" "-foreground" "-no-remote" "-profile" "C:\\Users\\李强\\AppData\\Local\\Temp\\rust_mozprofilei0TV6x"
1581500417208	addons.webextension.doh-rollout@mozilla.org	WARN	Loading extension 'doh-rollout@mozilla.org': Reading manifest: Invalid extension permission: networkStatus
1581500417334	addons.webextension.screenshots@mozilla.org	WARN	Loading extension 'screenshots@mozilla.org': Reading manifest: Invalid extension permission: mozillaAddons
1581500417335	addons.webextension.screenshots@mozilla.org	WARN	Loading extension 'screenshots@mozilla.org': Reading manifest: Invalid extension permission: telemetry
1581500417335	addons.webextension.screenshots@mozilla.org	WARN	Loading extension 'screenshots@mozilla.org': Reading manifest: Invalid extension permission: resource://pdf.js/
1581500417335	addons.webextension.screenshots@mozilla.org	WARN	Loading extension 'screenshots@mozilla.org': Reading manifest: Invalid extension permission: about:reader*
JavaScript error: resource://gre/modules/XULStore.jsm, line 66: Error: Can't find profile directory.
1581500419855	Marionette	INFO	Listening on port 53591
1581500419923	Marionette	WARN	TLS certificate errors will be ignored for this session
1581500831643	Marionette	INFO	Stopped listening on port 53591

###!!! [Child][RunMessage] Error: Channel closing: too late to send/recv, messages will be lost


###!!! [Child][MessageChannel::SendAndWait] Error: Channel error: cannot send/recv

xtension.doh-rollout@mozilla.org	WARN	Loading extension 'doh-rollout@mozilla.org': Reading manifest: Invalid extension permission: networkStatus
1581500530785	addons.webextension.screenshots@mozilla.org	WARN	Loading extension 'screenshots@mozilla.org': Reading manifest: Invalid extension permission: mozillaAddons
1581500530785	addons.webextension.screenshots@mozilla.org	WARN	Loading extension 'screenshots@mozilla.org': Reading manifest: Invalid extension permission: telemetry
1581500530786	addons.webextension.screenshots@mozilla.org	WARN	Loading extension 'screenshots@mozilla.org': Reading manifest: Invalid extension permission: resource://pdf.js/
1581500530786	addons.webextension.screenshots@mozilla.org	WARN	Loading extension 'screenshots@mozilla.org': Reading manifest: Invalid extension permission: about:reader*
JavaScript error: resource://gre/modules/XULStore.jsm, line 66: Error: Can't find profile directory.
1581500533931	Marionette	INFO	Listening on port 53820
1581500534425	Marionette	WARN	TLS certificate errors will be ignored for this session
1581500829364	Marionette	INFO	Stopped listening on port 53820

###!!! [Child][RunMessage] Error: Channel closing: too late to send/recv, messages will be lost


###!!! [Child][MessageChannel::SendAndWait] Error: Channel error: cannot send/recv

1581503642243	mozrunner::runner	INFO	Running command: "C:\\Program Files (x86)\\Mozilla Firefox\\firefox.exe" "-marionette" "-foreground" "-no-remote" "-profile" "C:\\Users\\李强\\AppData\\Local\\Temp\\rust_mozprofile6Im7Mj"
1581503644183	addons.webextension.doh-rollout@mozilla.org	WARN	Loading extension 'doh-rollout@mozilla.org': Reading manifest: Invalid extension permission: networkStatus
1581503644407	addons.webextension.screenshots@mozilla.org	WARN	Loading extension 'screenshots@mozilla.org': Reading manifest: Invalid extension permission: mozillaAddons
1581503644407	addons.webextension.screenshots@mozilla.org	WARN	Loading extension 'screenshots@mozilla.org': Reading manifest: Invalid extension permission: telemetry
1581503644407	addons.webextension.screenshots@mozilla.org	WARN	Loading extension 'screenshots@mozilla.org': Reading manifest: Invalid extension permission: resource://pdf.js/
1581503644407	addons.webextension.screenshots@mozilla.org	WARN	Loading extension 'screenshots@mozilla.org': Reading manifest: Invalid extension permission: about:reader*
JavaScript error: resource://gre/modules/XULStore.jsm, line 66: Error: Can't find profile directory.
1581503647159	Marionette	INFO	Listening on port 57000
1581503647198	Marionette	WARN	TLS certificate errors will be ignored for this session
JavaScript error: resource://gre/modules/XULStore.jsm, line 66: Error: Can't find profile directory.

###!!! [Child][RunMessage] Error: Channel closing: too late to send/recv, messages will be lost

1581503708674	Marionette	INFO	Stopped listening on port 57000

###!!! [Child][RunMessage] Error: Channel closing: too late to send/recv, messages will be lost


###!!! [Child][MessageChannel::SendAndWait] Error: Channel error: cannot send/recv

1581503868919	mozrunner::runner	INFO	Running command: "C:\\Program Files (x86)\\Mozilla Firefox\\firefox.exe" "-marionette" "-foreground" "-no-remote" "-profile" "C:\\Users\\李强\\AppData\\Local\\Temp\\rust_mozprofileAyBUgJ"
1581503869530	addons.webextension.doh-rollout@mozilla.org	WARN	Loading extension 'doh-rollout@mozilla.org': Reading manifest: Invalid extension permission: networkStatus
1581503869724	addons.webextension.screenshots@mozilla.org	WARN	Loading extension 'screenshots@mozilla.org': Reading manifest: Invalid extension permission: mozillaAddons
1581503869724	addons.webextension.screenshots@mozilla.org	WARN	Loading extension 'screenshots@mozilla.org': Reading manifest: Invalid extension permission: telemetry
1581503869724	addons.webextension.screenshots@mozilla.org	WARN	Loading extension 'screenshots@mozilla.org': Reading manifest: Invalid extension permission: resource://pdf.js/
1581503869724	addons.webextension.screenshots@mozilla.org	WARN	Loading extension 'screenshots@mozilla.org': Reading manifest: Invalid extension permission: about:reader*
JavaScript error: resource://gre/modules/XULStore.jsm, line 66: Error: Can't find profile directory.
1581503872720	Marionette	INFO	Listening on port 57347
1581503872755	Marionette	WARN	TLS certificate errors will be ignored for this session
1581505690219	Marionette	INFO	Stopped listening on port 57347

###!!! [Child][RunMessage] Error: Channel closing: too late to send/recv, messages will be lost


###!!! [Child][MessageChannel::SendAndWait] Error: Channel error: cannot send/recv

